HTTP/1.1 200 
Server: Cowboy
Report-To: {"group":"heroku-nel","max_age":3600,"endpoints":[{"url":"https://nel.heroku.com/reports?ts=1716323174&sid=929419e7-33ea-4e2f-85f0-7d8b7cd5cbd6&s=%2BMSvkBzFG8aGcwVPL9MdAIglozP6pnky8oN45Pk1ezw%3D"}]}
Reporting-Endpoints: heroku-nel=https://nel.heroku.com/reports?ts=1716323174&sid=929419e7-33ea-4e2f-85f0-7d8b7cd5cbd6&s=%2BMSvkBzFG8aGcwVPL9MdAIglozP6pnky8oN45Pk1ezw%3D
Nel: {"report_to":"heroku-nel","max_age":3600,"success_fraction":0.005,"failure_fraction":0.05,"response_headers":["Via"]}
Connection: keep-alive
Vary: Origin
Vary: Access-Control-Request-Method
Vary: Access-Control-Request-Headers
X-Content-Type-Options: nosniff
X-Xss-Protection: 1; mode=block
Cache-Control: no-cache, no-store, max-age=0, must-revalidate
Pragma: no-cache
Expires: 0
Strict-Transport-Security: max-age=31536000 ; includeSubDomains
X-Frame-Options: DENY
Content-Type: application/json
Transfer-Encoding: chunked
Date: Tue, 21 May 2024 20:26:14 GMT
Via: 1.1 vegur

{
    "token": "eyJhbGciOiJIUzI1NiJ9.eyJyb2xlcyI6WyJST0xFX1VTRVIiXSwic3ViIjoiYmliQHJpZy5zZGQiLCJpc3MiOiJSZWd1bGFpdCIsImV4cCI6MTcxNjkyMzE3NCwiaWF0IjoxNzE2MzIzMTc0fQ.-lBLZgBxhVWnhfVTwi4OAp4fq2Hk4f7BGMDXqn70p5w"
}
The user bib@rig.sddhas been registered

===============================================
Default Suite
Total tests run: 1, Passes: 1, Failures: 0, Skips: 0
===============================================

